app/build/intermediates/manifest_merge_blame_file/debug/processDebugMainManifest/manifest-merger-blame-debug-report.txt
1<?xml version="1.0" encoding="utf-8"?>
2<manifest xmlns:android="http://schemas.android.com/apk/res/android"
3    package="com.trixsearch.hasikit"
4    android:versionCode="1"
5    android:versionName="1.0" >
6
7    <uses-sdk
8        android:minSdkVersion="26"
9        android:targetSdkVersion="35" />
10
11    <uses-permission android:name="android.permission.INTERNET" />
11-->src\main\AndroidManifest.xml:5:5-67
11-->src\main\AndroidManifest.xml:5:22-64
12    <!-- Required for phone call detection to pause/resume playback -->
13    <uses-permission android:name="android.permission.READ_PHONE_STATE" />
13-->src\main\AndroidManifest.xml:7:5-75
13-->src\main\AndroidManifest.xml:7:22-72
14    <uses-permission android:name="android.permission.ACCESS_NETWORK_STATE" />
14-->src\main\AndroidManifest.xml:8:5-79
14-->src\main\AndroidManifest.xml:8:22-76
15    <uses-permission android:name="android.permission.FOREGROUND_SERVICE" />
15-->src\main\AndroidManifest.xml:9:5-77
15-->src\main\AndroidManifest.xml:9:22-74
16    <!-- Required for MediaSession foreground service on Android 14+ -->
17    <uses-permission android:name="android.permission.FOREGROUND_SERVICE_MEDIA_PLAYBACK" />
17-->src\main\AndroidManifest.xml:11:5-92
17-->src\main\AndroidManifest.xml:11:22-89
18    <uses-permission android:name="android.permission.POST_NOTIFICATIONS" />
18-->src\main\AndroidManifest.xml:12:5-77
18-->src\main\AndroidManifest.xml:12:22-74
19    <uses-permission android:name="android.permission.WRITE_SETTINGS" />
19-->src\main\AndroidManifest.xml:13:5-109
19-->src\main\AndroidManifest.xml:13:22-70
20    <uses-permission
20-->src\main\AndroidManifest.xml:14:5-17:40
21        android:name="android.permission.WRITE_EXTERNAL_STORAGE"
21-->src\main\AndroidManifest.xml:15:9-65
22        android:maxSdkVersion="28" />
22-->src\main\AndroidManifest.xml:16:9-35
23    <uses-permission
23-->src\main\AndroidManifest.xml:18:5-20:38
24        android:name="android.permission.READ_EXTERNAL_STORAGE"
24-->src\main\AndroidManifest.xml:19:9-64
25        android:maxSdkVersion="32" />
25-->src\main\AndroidManifest.xml:20:9-35
26    <uses-permission android:name="android.permission.WAKE_LOCK" />
26-->[androidx.work:work-runtime:2.10.1] AndroidManifest.xml:23:5-68
26-->[androidx.work:work-runtime:2.10.1] AndroidManifest.xml:23:22-65
27    <uses-permission android:name="android.permission.RECEIVE_BOOT_COMPLETED" />
27-->[androidx.work:work-runtime:2.10.1] AndroidManifest.xml:25:5-81
27-->[androidx.work:work-runtime:2.10.1] AndroidManifest.xml:25:22-78
28
29    <permission
29-->[androidx.core:core:1.13.1] AndroidManifest.xml:22:5-24:47
30        android:name="com.trixsearch.hasikit.DYNAMIC_RECEIVER_NOT_EXPORTED_PERMISSION"
30-->[androidx.core:core:1.13.1] AndroidManifest.xml:23:9-81
31        android:protectionLevel="signature" />
31-->[androidx.core:core:1.13.1] AndroidManifest.xml:24:9-44
32
33    <uses-permission android:name="com.trixsearch.hasikit.DYNAMIC_RECEIVER_NOT_EXPORTED_PERMISSION" />
33-->[androidx.core:core:1.13.1] AndroidManifest.xml:26:5-97
33-->[androidx.core:core:1.13.1] AndroidManifest.xml:26:22-94
34
35    <application
35-->src\main\AndroidManifest.xml:22:5-93:19
36        android:name="com.trixsearch.hasikit.HasikitApp"
36-->src\main\AndroidManifest.xml:23:9-35
37        android:allowBackup="true"
37-->src\main\AndroidManifest.xml:24:9-35
38        android:appComponentFactory="androidx.core.app.CoreComponentFactory"
38-->[androidx.core:core:1.13.1] AndroidManifest.xml:28:18-86
39        android:dataExtractionRules="@xml/data_extraction_rules"
39-->src\main\AndroidManifest.xml:25:9-65
40        android:debuggable="true"
41        android:extractNativeLibs="false"
42        android:fullBackupContent="@xml/backup_rules"
42-->src\main\AndroidManifest.xml:26:9-54
43        android:icon="@drawable/hasikitsmico"
43-->src\main\AndroidManifest.xml:27:9-46
44        android:label="@string/app_name"
44-->src\main\AndroidManifest.xml:28:9-41
45        android:roundIcon="@mipmap/ic_launcher_round"
45-->src\main\AndroidManifest.xml:29:9-54
46        android:supportsRtl="true"
46-->src\main\AndroidManifest.xml:30:9-35
47        android:testOnly="true"
48        android:theme="@style/Theme.Hasikit"
48-->src\main\AndroidManifest.xml:31:9-45
49        android:usesCleartextTraffic="true" >
49-->src\main\AndroidManifest.xml:32:9-44
50
51        <!-- Disable WorkManager's default initializer so HasikitApp.workManagerConfiguration is used -->
52        <provider
53            android:name="androidx.startup.InitializationProvider"
53-->src\main\AndroidManifest.xml:36:13-67
54            android:authorities="com.trixsearch.hasikit.androidx-startup"
54-->src\main\AndroidManifest.xml:37:13-68
55            android:exported="false" >
55-->src\main\AndroidManifest.xml:38:13-37
56            <meta-data
56-->[androidx.emoji2:emoji2:1.3.0] AndroidManifest.xml:29:13-31:52
57                android:name="androidx.emoji2.text.EmojiCompatInitializer"
57-->[androidx.emoji2:emoji2:1.3.0] AndroidManifest.xml:30:17-75
58                android:value="androidx.startup" />
58-->[androidx.emoji2:emoji2:1.3.0] AndroidManifest.xml:31:17-49
59            <meta-data
59-->[androidx.lifecycle:lifecycle-process:2.8.7] AndroidManifest.xml:29:13-31:52
60                android:name="androidx.lifecycle.ProcessLifecycleInitializer"
60-->[androidx.lifecycle:lifecycle-process:2.8.7] AndroidManifest.xml:30:17-78
61                android:value="androidx.startup" />
61-->[androidx.lifecycle:lifecycle-process:2.8.7] AndroidManifest.xml:31:17-49
62            <meta-data
62-->[androidx.profileinstaller:profileinstaller:1.4.0] AndroidManifest.xml:29:13-31:52
63                android:name="androidx.profileinstaller.ProfileInstallerInitializer"
63-->[androidx.profileinstaller:profileinstaller:1.4.0] AndroidManifest.xml:30:17-85
64                android:value="androidx.startup" />
64-->[androidx.profileinstaller:profileinstaller:1.4.0] AndroidManifest.xml:31:17-49
65        </provider>
66
67        <!-- FileProvider for sharing downloaded video files via ACTION_SEND -->
68        <provider
69            android:name="androidx.core.content.FileProvider"
69-->src\main\AndroidManifest.xml:48:13-62
70            android:authorities="com.trixsearch.hasikit.fileprovider"
70-->src\main\AndroidManifest.xml:49:13-64
71            android:exported="false"
71-->src\main\AndroidManifest.xml:50:13-37
72            android:grantUriPermissions="true" >
72-->src\main\AndroidManifest.xml:51:13-47
73            <meta-data
73-->src\main\AndroidManifest.xml:52:13-54:63
74                android:name="android.support.FILE_PROVIDER_PATHS"
74-->src\main\AndroidManifest.xml:53:17-67
75                android:resource="@xml/file_provider_paths" />
75-->src\main\AndroidManifest.xml:54:17-60
76        </provider>
77
78        <activity
78-->src\main\AndroidManifest.xml:57:9-91:20
79            android:name="com.trixsearch.hasikit.MainActivity"
79-->src\main\AndroidManifest.xml:58:13-41
80            android:configChanges="screenSize|smallestScreenSize|screenLayout|orientation|keyboard|keyboardHidden|navigation"
80-->src\main\AndroidManifest.xml:65:13-126
81            android:enableOnBackInvokedCallback="true"
81-->src\main\AndroidManifest.xml:64:13-55
82            android:exported="true"
82-->src\main\AndroidManifest.xml:59:13-36
83            android:label="@string/app_name"
83-->src\main\AndroidManifest.xml:60:13-45
84            android:supportsPictureInPicture="true"
84-->src\main\AndroidManifest.xml:63:13-52
85            android:theme="@style/Theme.Hasikit"
85-->src\main\AndroidManifest.xml:61:13-49
86            android:windowSoftInputMode="adjustResize" >
86-->src\main\AndroidManifest.xml:62:13-55
87            <intent-filter>
87-->src\main\AndroidManifest.xml:66:13-69:29
88                <action android:name="android.intent.action.MAIN" />
88-->src\main\AndroidManifest.xml:67:17-69
88-->src\main\AndroidManifest.xml:67:25-66
89
90                <category android:name="android.intent.category.LAUNCHER" />
90-->src\main\AndroidManifest.xml:68:17-77
90-->src\main\AndroidManifest.xml:68:27-74
91            </intent-filter>
92            <intent-filter>
92-->src\main\AndroidManifest.xml:70:13-75:29
93                <action android:name="android.intent.action.VIEW" />
93-->src\main\AndroidManifest.xml:71:17-69
93-->src\main\AndroidManifest.xml:71:25-66
94
95                <category android:name="android.intent.category.DEFAULT" />
95-->src\main\AndroidManifest.xml:72:17-76
95-->src\main\AndroidManifest.xml:72:27-73
96                <category android:name="android.intent.category.BROWSABLE" />
96-->src\main\AndroidManifest.xml:73:17-78
96-->src\main\AndroidManifest.xml:73:27-75
97
98                <data android:mimeType="video/*" />
98-->src\main\AndroidManifest.xml:74:17-52
98-->src\main\AndroidManifest.xml:74:23-49
99            </intent-filter>
100            <intent-filter>
100-->src\main\AndroidManifest.xml:76:13-80:29
101                <action android:name="android.intent.action.VIEW" />
101-->src\main\AndroidManifest.xml:71:17-69
101-->src\main\AndroidManifest.xml:71:25-66
102
103                <category android:name="android.intent.category.DEFAULT" />
103-->src\main\AndroidManifest.xml:72:17-76
103-->src\main\AndroidManifest.xml:72:27-73
104
105                <data android:mimeType="video/mp4" />
105-->src\main\AndroidManifest.xml:74:17-52
105-->src\main\AndroidManifest.xml:74:23-49
106            </intent-filter>
107            <intent-filter>
107-->src\main\AndroidManifest.xml:81:13-85:29
108                <action android:name="android.intent.action.VIEW" />
108-->src\main\AndroidManifest.xml:71:17-69
108-->src\main\AndroidManifest.xml:71:25-66
109
110                <category android:name="android.intent.category.DEFAULT" />
110-->src\main\AndroidManifest.xml:72:17-76
110-->src\main\AndroidManifest.xml:72:27-73
111
112                <data android:mimeType="video/x-matroska" />
112-->src\main\AndroidManifest.xml:74:17-52
112-->src\main\AndroidManifest.xml:74:23-49
113            </intent-filter>
114            <intent-filter>
114-->src\main\AndroidManifest.xml:86:13-90:29
115                <action android:name="android.intent.action.VIEW" />
115-->src\main\AndroidManifest.xml:71:17-69
115-->src\main\AndroidManifest.xml:71:25-66
116
117                <category android:name="android.intent.category.DEFAULT" />
117-->src\main\AndroidManifest.xml:72:17-76
117-->src\main\AndroidManifest.xml:72:27-73
118
119                <data android:mimeType="video/webm" />
119-->src\main\AndroidManifest.xml:74:17-52
119-->src\main\AndroidManifest.xml:74:23-49
120            </intent-filter>
121        </activity>
122        <activity
122-->[androidx.compose.ui:ui-tooling-android:1.7.8] AndroidManifest.xml:23:9-25:39
123            android:name="androidx.compose.ui.tooling.PreviewActivity"
123-->[androidx.compose.ui:ui-tooling-android:1.7.8] AndroidManifest.xml:24:13-71
124            android:exported="true" />
124-->[androidx.compose.ui:ui-tooling-android:1.7.8] AndroidManifest.xml:25:13-36
125        <activity
125-->[androidx.compose.ui:ui-test-manifest:1.7.8] AndroidManifest.xml:23:9-25:39
126            android:name="androidx.activity.ComponentActivity"
126-->[androidx.compose.ui:ui-test-manifest:1.7.8] AndroidManifest.xml:24:13-63
127            android:exported="true" />
127-->[androidx.compose.ui:ui-test-manifest:1.7.8] AndroidManifest.xml:25:13-36
128
129        <service
129-->[androidx.work:work-runtime:2.10.1] AndroidManifest.xml:39:9-45:35
130            android:name="androidx.work.impl.background.systemalarm.SystemAlarmService"
130-->[androidx.work:work-runtime:2.10.1] AndroidManifest.xml:40:13-88
131            android:directBootAware="false"
131-->[androidx.work:work-runtime:2.10.1] AndroidManifest.xml:41:13-44
132            android:enabled="@bool/enable_system_alarm_service_default"
132-->[androidx.work:work-runtime:2.10.1] AndroidManifest.xml:42:13-72
133            android:exported="false" />
133-->[androidx.work:work-runtime:2.10.1] AndroidManifest.xml:43:13-37
134        <service
134-->[androidx.work:work-runtime:2.10.1] AndroidManifest.xml:46:9-52:35
135            android:name="androidx.work.impl.background.systemjob.SystemJobService"
135-->[androidx.work:work-runtime:2.10.1] AndroidManifest.xml:47:13-84
136            android:directBootAware="false"
136-->[androidx.work:work-runtime:2.10.1] AndroidManifest.xml:48:13-44
137            android:enabled="@bool/enable_system_job_service_default"
137-->[androidx.work:work-runtime:2.10.1] AndroidManifest.xml:49:13-70
138            android:exported="true"
138-->[androidx.work:work-runtime:2.10.1] AndroidManifest.xml:50:13-36
139            android:permission="android.permission.BIND_JOB_SERVICE" />
139-->[androidx.work:work-runtime:2.10.1] AndroidManifest.xml:51:13-69
140        <service
140-->[androidx.work:work-runtime:2.10.1] AndroidManifest.xml:53:9-59:35
141            android:name="androidx.work.impl.foreground.SystemForegroundService"
141-->[androidx.work:work-runtime:2.10.1] AndroidManifest.xml:54:13-81
142            android:directBootAware="false"
142-->[androidx.work:work-runtime:2.10.1] AndroidManifest.xml:55:13-44
143            android:enabled="@bool/enable_system_foreground_service_default"
143-->[androidx.work:work-runtime:2.10.1] AndroidManifest.xml:56:13-77
144            android:exported="false" />
144-->[androidx.work:work-runtime:2.10.1] AndroidManifest.xml:57:13-37
145
146        <receiver
146-->[androidx.work:work-runtime:2.10.1] AndroidManifest.xml:61:9-66:35
147            android:name="androidx.work.impl.utils.ForceStopRunnable$BroadcastReceiver"
147-->[androidx.work:work-runtime:2.10.1] AndroidManifest.xml:62:13-88
148            android:directBootAware="false"
148-->[androidx.work:work-runtime:2.10.1] AndroidManifest.xml:63:13-44
149            android:enabled="true"
149-->[androidx.work:work-runtime:2.10.1] AndroidManifest.xml:64:13-35
150            android:exported="false" />
150-->[androidx.work:work-runtime:2.10.1] AndroidManifest.xml:65:13-37
151        <receiver
151-->[androidx.work:work-runtime:2.10.1] AndroidManifest.xml:67:9-77:20
152            android:name="androidx.work.impl.background.systemalarm.ConstraintProxy$BatteryChargingProxy"
152-->[androidx.work:work-runtime:2.10.1] AndroidManifest.xml:68:13-106
153            android:directBootAware="false"
153-->[androidx.work:work-runtime:2.10.1] AndroidManifest.xml:69:13-44
154            android:enabled="false"
154-->[androidx.work:work-runtime:2.10.1] AndroidManifest.xml:70:13-36
155            android:exported="false" >
155-->[androidx.work:work-runtime:2.10.1] AndroidManifest.xml:71:13-37
156            <intent-filter>
156-->[androidx.work:work-runtime:2.10.1] AndroidManifest.xml:73:13-76:29
157                <action android:name="android.intent.action.ACTION_POWER_CONNECTED" />
157-->[androidx.work:work-runtime:2.10.1] AndroidManifest.xml:74:17-87
157-->[androidx.work:work-runtime:2.10.1] AndroidManifest.xml:74:25-84
158                <action android:name="android.intent.action.ACTION_POWER_DISCONNECTED" />
158-->[androidx.work:work-runtime:2.10.1] AndroidManifest.xml:75:17-90
158-->[androidx.work:work-runtime:2.10.1] AndroidManifest.xml:75:25-87
159            </intent-filter>
160        </receiver>
161        <receiver
161-->[androidx.work:work-runtime:2.10.1] AndroidManifest.xml:78:9-88:20
162            android:name="androidx.work.impl.background.systemalarm.ConstraintProxy$BatteryNotLowProxy"
162-->[androidx.work:work-runtime:2.10.1] AndroidManifest.xml:79:13-104
163            android:directBootAware="false"
163-->[androidx.work:work-runtime:2.10.1] AndroidManifest.xml:80:13-44
164            android:enabled="false"
164-->[androidx.work:work-runtime:2.10.1] AndroidManifest.xml:81:13-36
165            android:exported="false" >
165-->[androidx.work:work-runtime:2.10.1] AndroidManifest.xml:82:13-37
166            <intent-filter>
166-->[androidx.work:work-runtime:2.10.1] AndroidManifest.xml:84:13-87:29
167                <action android:name="android.intent.action.BATTERY_OKAY" />
167-->[androidx.work:work-runtime:2.10.1] AndroidManifest.xml:85:17-77
167-->[androidx.work:work-runtime:2.10.1] AndroidManifest.xml:85:25-74
168                <action android:name="android.intent.action.BATTERY_LOW" />
168-->[androidx.work:work-runtime:2.10.1] AndroidManifest.xml:86:17-76
168-->[androidx.work:work-runtime:2.10.1] AndroidManifest.xml:86:25-73
169            </intent-filter>
170        </receiver>
171        <receiver
171-->[androidx.work:work-runtime:2.10.1] AndroidManifest.xml:89:9-99:20
172            android:name="androidx.work.impl.background.systemalarm.ConstraintProxy$StorageNotLowProxy"
172-->[androidx.work:work-runtime:2.10.1] AndroidManifest.xml:90:13-104
173            android:directBootAware="false"
173-->[androidx.work:work-runtime:2.10.1] AndroidManifest.xml:91:13-44
174            android:enabled="false"
174-->[androidx.work:work-runtime:2.10.1] AndroidManifest.xml:92:13-36
175            android:exported="false" >
175-->[androidx.work:work-runtime:2.10.1] AndroidManifest.xml:93:13-37
176            <intent-filter>
176-->[androidx.work:work-runtime:2.10.1] AndroidManifest.xml:95:13-98:29
177                <action android:name="android.intent.action.DEVICE_STORAGE_LOW" />
177-->[androidx.work:work-runtime:2.10.1] AndroidManifest.xml:96:17-83
177-->[androidx.work:work-runtime:2.10.1] AndroidManifest.xml:96:25-80
178                <action android:name="android.intent.action.DEVICE_STORAGE_OK" />
178-->[androidx.work:work-runtime:2.10.1] AndroidManifest.xml:97:17-82
178-->[androidx.work:work-runtime:2.10.1] AndroidManifest.xml:97:25-79
179            </intent-filter>
180        </receiver>
181        <receiver
181-->[androidx.work:work-runtime:2.10.1] AndroidManifest.xml:100:9-109:20
182            android:name="androidx.work.impl.background.systemalarm.ConstraintProxy$NetworkStateProxy"
182-->[androidx.work:work-runtime:2.10.1] AndroidManifest.xml:101:13-103
183            android:directBootAware="false"
183-->[androidx.work:work-runtime:2.10.1] AndroidManifest.xml:102:13-44
184            android:enabled="false"
184-->[androidx.work:work-runtime:2.10.1] AndroidManifest.xml:103:13-36
185            android:exported="false" >
185-->[androidx.work:work-runtime:2.10.1] AndroidManifest.xml:104:13-37
186            <intent-filter>
186-->[androidx.work:work-runtime:2.10.1] AndroidManifest.xml:106:13-108:29
187                <action android:name="android.net.conn.CONNECTIVITY_CHANGE" />
187-->[androidx.work:work-runtime:2.10.1] AndroidManifest.xml:107:17-79
187-->[androidx.work:work-runtime:2.10.1] AndroidManifest.xml:107:25-76
188            </intent-filter>
189        </receiver>
190        <receiver
190-->[androidx.work:work-runtime:2.10.1] AndroidManifest.xml:110:9-121:20
191            android:name="androidx.work.impl.background.systemalarm.RescheduleReceiver"
191-->[androidx.work:work-runtime:2.10.1] AndroidManifest.xml:111:13-88
192            android:directBootAware="false"
192-->[androidx.work:work-runtime:2.10.1] AndroidManifest.xml:112:13-44
193            android:enabled="false"
193-->[androidx.work:work-runtime:2.10.1] AndroidManifest.xml:113:13-36
194            android:exported="false" >
194-->[androidx.work:work-runtime:2.10.1] AndroidManifest.xml:114:13-37
195            <intent-filter>
195-->[androidx.work:work-runtime:2.10.1] AndroidManifest.xml:116:13-120:29
196                <action android:name="android.intent.action.BOOT_COMPLETED" />
196-->[androidx.work:work-runtime:2.10.1] AndroidManifest.xml:117:17-79
196-->[androidx.work:work-runtime:2.10.1] AndroidManifest.xml:117:25-76
197                <action android:name="android.intent.action.TIME_SET" />
197-->[androidx.work:work-runtime:2.10.1] AndroidManifest.xml:118:17-73
197-->[androidx.work:work-runtime:2.10.1] AndroidManifest.xml:118:25-70
198                <action android:name="android.intent.action.TIMEZONE_CHANGED" />
198-->[androidx.work:work-runtime:2.10.1] AndroidManifest.xml:119:17-81
198-->[androidx.work:work-runtime:2.10.1] AndroidManifest.xml:119:25-78
199            </intent-filter>
200        </receiver>
201        <receiver
201-->[androidx.work:work-runtime:2.10.1] AndroidManifest.xml:122:9-131:20
202            android:name="androidx.work.impl.background.systemalarm.ConstraintProxyUpdateReceiver"
202-->[androidx.work:work-runtime:2.10.1] AndroidManifest.xml:123:13-99
203            android:directBootAware="false"
203-->[androidx.work:work-runtime:2.10.1] AndroidManifest.xml:124:13-44
204            android:enabled="@bool/enable_system_alarm_service_default"
204-->[androidx.work:work-runtime:2.10.1] AndroidManifest.xml:125:13-72
205            android:exported="false" >
205-->[androidx.work:work-runtime:2.10.1] AndroidManifest.xml:126:13-37
206            <intent-filter>
206-->[androidx.work:work-runtime:2.10.1] AndroidManifest.xml:128:13-130:29
207                <action android:name="androidx.work.impl.background.systemalarm.UpdateProxies" />
207-->[androidx.work:work-runtime:2.10.1] AndroidManifest.xml:129:17-98
207-->[androidx.work:work-runtime:2.10.1] AndroidManifest.xml:129:25-95
208            </intent-filter>
209        </receiver>
210        <receiver
210-->[androidx.work:work-runtime:2.10.1] AndroidManifest.xml:132:9-142:20
211            android:name="androidx.work.impl.diagnostics.DiagnosticsReceiver"
211-->[androidx.work:work-runtime:2.10.1] AndroidManifest.xml:133:13-78
212            android:directBootAware="false"
212-->[androidx.work:work-runtime:2.10.1] AndroidManifest.xml:134:13-44
213            android:enabled="true"
213-->[androidx.work:work-runtime:2.10.1] AndroidManifest.xml:135:13-35
214            android:exported="true"
214-->[androidx.work:work-runtime:2.10.1] AndroidManifest.xml:136:13-36
215            android:permission="android.permission.DUMP" >
215-->[androidx.work:work-runtime:2.10.1] AndroidManifest.xml:137:13-57
216            <intent-filter>
216-->[androidx.work:work-runtime:2.10.1] AndroidManifest.xml:139:13-141:29
217                <action android:name="androidx.work.diagnostics.REQUEST_DIAGNOSTICS" />
217-->[androidx.work:work-runtime:2.10.1] AndroidManifest.xml:140:17-88
217-->[androidx.work:work-runtime:2.10.1] AndroidManifest.xml:140:25-85
218            </intent-filter>
219        </receiver>
220
221        <service
221-->[androidx.room:room-runtime-android:2.8.4] AndroidManifest.xml:24:9-28:63
222            android:name="androidx.room.MultiInstanceInvalidationService"
222-->[androidx.room:room-runtime-android:2.8.4] AndroidManifest.xml:25:13-74
223            android:directBootAware="true"
223-->[androidx.room:room-runtime-android:2.8.4] AndroidManifest.xml:26:13-43
224            android:exported="false" />
224-->[androidx.room:room-runtime-android:2.8.4] AndroidManifest.xml:27:13-37
225
226        <receiver
226-->[androidx.profileinstaller:profileinstaller:1.4.0] AndroidManifest.xml:34:9-52:20
227            android:name="androidx.profileinstaller.ProfileInstallReceiver"
227-->[androidx.profileinstaller:profileinstaller:1.4.0] AndroidManifest.xml:35:13-76
228            android:directBootAware="false"
228-->[androidx.profileinstaller:profileinstaller:1.4.0] AndroidManifest.xml:36:13-44
229            android:enabled="true"
229-->[androidx.profileinstaller:profileinstaller:1.4.0] AndroidManifest.xml:37:13-35
230            android:exported="true"
230-->[androidx.profileinstaller:profileinstaller:1.4.0] AndroidManifest.xml:38:13-36
231            android:permission="android.permission.DUMP" >
231-->[androidx.profileinstaller:profileinstaller:1.4.0] AndroidManifest.xml:39:13-57
232            <intent-filter>
232-->[androidx.profileinstaller:profileinstaller:1.4.0] AndroidManifest.xml:40:13-42:29
233                <action android:name="androidx.profileinstaller.action.INSTALL_PROFILE" />
233-->[androidx.profileinstaller:profileinstaller:1.4.0] AndroidManifest.xml:41:17-91
233-->[androidx.profileinstaller:profileinstaller:1.4.0] AndroidManifest.xml:41:25-88
234            </intent-filter>
235            <intent-filter>
235-->[androidx.profileinstaller:profileinstaller:1.4.0] AndroidManifest.xml:43:13-45:29
236                <action android:name="androidx.profileinstaller.action.SKIP_FILE" />
236-->[androidx.profileinstaller:profileinstaller:1.4.0] AndroidManifest.xml:44:17-85
236-->[androidx.profileinstaller:profileinstaller:1.4.0] AndroidManifest.xml:44:25-82
237            </intent-filter>
238            <intent-filter>
238-->[androidx.profileinstaller:profileinstaller:1.4.0] AndroidManifest.xml:46:13-48:29
239                <action android:name="androidx.profileinstaller.action.SAVE_PROFILE" />
239-->[androidx.profileinstaller:profileinstaller:1.4.0] AndroidManifest.xml:47:17-88
239-->[androidx.profileinstaller:profileinstaller:1.4.0] AndroidManifest.xml:47:25-85
240            </intent-filter>
241            <intent-filter>
241-->[androidx.profileinstaller:profileinstaller:1.4.0] AndroidManifest.xml:49:13-51:29
242                <action android:name="androidx.profileinstaller.action.BENCHMARK_OPERATION" />
242-->[androidx.profileinstaller:profileinstaller:1.4.0] AndroidManifest.xml:50:17-95
242-->[androidx.profileinstaller:profileinstaller:1.4.0] AndroidManifest.xml:50:25-92
243            </intent-filter>
244        </receiver>
245    </application>
246
247</manifest>